#
# There is insufficient memory for the Java Runtime Environment to continue.
# Native memory allocation (mmap) failed to map 123731968 bytes for G1 virtual space
# Possible reasons:
#   The system is out of physical RAM or swap space
#   The process is running with CompressedOops enabled, and the Java Heap may be blocking the growth of the native heap
# Possible solutions:
#   Reduce memory load on the system
#   Increase physical memory or swap space
#   Check if swap backing store is full
#   Decrease Java heap size (-Xmx/-Xms)
#   Decrease number of Java threads
#   Decrease Java thread stack sizes (-Xss)
#   Set larger code cache with -XX:ReservedCodeCacheSize=
#   JVM is running with Unscaled Compressed Oops mode in which the Java heap is
#     placed in the first 4GB address space. The Java Heap base address is the
#     maximum limit for the native heap growth. Please use -XX:HeapBaseMinAddress
#     to set the Java Heap base and to place the Java Heap above 4GB virtual address.
# This output file may be truncated or incomplete.
#
#  Out of Memory Error (os_windows.cpp:3548), pid=12392, tid=30708
#
# JRE version:  (17.0.12+8) (build )
# Java VM: Java HotSpot(TM) 64-Bit Server VM (17.0.12+8-LTS-286, mixed mode, sharing, tiered, compressed oops, compressed class ptrs, g1 gc, windows-amd64)
# No core dump will be written. Minidumps are not enabled by default on client versions of Windows
#

---------------  S U M M A R Y ------------

Command Line: -Dclassworlds.conf=C:\Users\arena\OneDrive\Escritorio\apache-maven-3.9.11-bin\apache-maven-3.9.11\bin\m2.conf -Dmaven.home=C:\Users\arena\OneDrive\Escritorio\apache-maven-3.9.11-bin\apache-maven-3.9.11 -Dlibrary.jansi.path=C:\Users\arena\OneDrive\Escritorio\apache-maven-3.9.11-bin\apache-maven-3.9.11\lib\jansi-native -Dmaven.multiModuleProjectDirectory=C:\Users\arena\OneDrive\Escritorio\Repositorios proyecto final ciclos\Kappa-Stock-BackEnd org.codehaus.plexus.classworlds.launcher.Launcher spring-boot:run

Host: AMD Ryzen 5 7535HS with Radeon Graphics        , 12 cores, 7G,  Windows 11 , 64 bit Build 26100 (10.0.26100.7019)
Time: Fri Dec 12 21:32:19 2025 Hora est. Pac璗ico, Sudam廨ica elapsed time: 2.017156 seconds (0d 0h 0m 2s)

---------------  T H R E A D  ---------------

Current thread (0x0000020c421237b0):  JavaThread "Unknown thread" [_thread_in_vm, id=30708, stack(0x000000f1d5000000,0x000000f1d5100000)]

Stack: [0x000000f1d5000000,0x000000f1d5100000]
Native frames: (J=compiled Java code, j=interpreted, Vv=VM code, C=native code)
V  [jvm.dll+0x67a04a]
V  [jvm.dll+0x7da4ed]
V  [jvm.dll+0x7dbe33]
V  [jvm.dll+0x7dc4a3]
V  [jvm.dll+0x24508f]
V  [jvm.dll+0x677089]
V  [jvm.dll+0x66bd32]
V  [jvm.dll+0x301fa6]
V  [jvm.dll+0x309546]
V  [jvm.dll+0x359d2e]
V  [jvm.dll+0x359f5f]
V  [jvm.dll+0x2d9078]
V  [jvm.dll+0x2d9fe4]
V  [jvm.dll+0x7aca21]
V  [jvm.dll+0x367591]
V  [jvm.dll+0x78b999]
V  [jvm.dll+0x3ec83f]
V  [jvm.dll+0x3ee471]
C  [jli.dll+0x5297]
C  [ucrtbase.dll+0x37b0]
C  [KERNEL32.DLL+0x2e8d7]
C  [ntdll.dll+0x8c53c]


---------------  P R O C E S S  ---------------

Threads class SMR info:
_java_thread_list=0x00007ffb57427a18, length=0, elements={
}

Java Threads: ( => current thread )

Other Threads:
  0x0000020c42178b00 GCTaskThread "GC Thread#0" [stack: 0x000000f1d5100000,0x000000f1d5200000] [id=36036]
  0x0000020c4218a1b0 ConcurrentGCThread "G1 Main Marker" [stack: 0x000000f1d5200000,0x000000f1d5300000] [id=18980]
  0x0000020c4218da80 ConcurrentGCThread "G1 Conc#0" [stack: 0x000000f1d5300000,0x000000f1d5400000] [id=40456]

[error occurred during error reporting (printing all threads), id 0xc0000005, EXCEPTION_ACCESS_VIOLATION (0xc0000005) at pc=0x00007ffb56c59b67]

VM state: not at safepoint (not fully initialized)

VM Mutex/Monitor currently owned by a thread:  ([mutex/lock_event])
[0x0000020c4211f3e0] Heap_lock - owner thread: 0x0000020c421237b0

Heap address: 0x000000008ac00000, size: 1876 MB, Compressed Oops mode: 32-bit

CDS archive(s) mapped at: [0x0000000000000000-0x0000000000000000-0x0000000000000000), size 0, SharedBaseAddress: 0x0000000800000000, ArchiveRelocationMode: 1.
Narrow klass base: 0x0000000000000000, Narrow klass shift: 0, Narrow klass range: 0x0

GC Precious Log:
<Empty>

Heap:
 garbage-first heap   total 0K, used 0K [0x000000008ac00000, 0x0000000100000000)
  region size 1024K, 0 young (0K), 0 survivors (0K)

[error occurred during error reporting (printing heap information), id 0xc0000005, EXCEPTION_ACCESS_VIOLATION (0xc0000005) at pc=0x00007ffb57043859]

GC Heap History (0 events):
No events

Deoptimization events (0 events):
No events

Classes unloaded (0 events):
No events

Classes redefined (0 events):
No events

Internal exceptions (0 events):
No events

VM Operations (0 events):
No events

Events (1 events):
Event: 0.009 Loaded shared library C:\Users\arena\Downloads\jdk-17.0.12_windows-x64_bin\jdk-17.0.12\bin\java.dll


Dynamic libraries:
0x00007ff6541f0000 - 0x00007ff654200000 	C:\Users\arena\Downloads\jdk-17.0.12_windows-x64_bin\jdk-17.0.12\bin\java.exe
0x00007ffc24420000 - 0x00007ffc24688000 	C:\WINDOWS\SYSTEM32\ntdll.dll
0x00007ffc22ff0000 - 0x00007ffc230b9000 	C:\WINDOWS\System32\KERNEL32.DLL
0x00007ffc21cb0000 - 0x00007ffc220a8000 	C:\WINDOWS\System32\KERNELBASE.dll
0x00007ffc219e0000 - 0x00007ffc21b2b000 	C:\WINDOWS\System32\ucrtbase.dll
0x00007ffc14ba0000 - 0x00007ffc14bbb000 	C:\Users\arena\Downloads\jdk-17.0.12_windows-x64_bin\jdk-17.0.12\bin\VCRUNTIME140.dll
0x00007ffc14b80000 - 0x00007ffc14b99000 	C:\Users\arena\Downloads\jdk-17.0.12_windows-x64_bin\jdk-17.0.12\bin\jli.dll
0x00007ffc242f0000 - 0x00007ffc243a4000 	C:\WINDOWS\System32\ADVAPI32.dll
0x00007ffc22bb0000 - 0x00007ffc22c59000 	C:\WINDOWS\System32\msvcrt.dll
0x00007ffc23b00000 - 0x00007ffc23ba6000 	C:\WINDOWS\System32\sechost.dll
0x00007ffc23ca0000 - 0x00007ffc23db8000 	C:\WINDOWS\System32\RPCRT4.dll
0x00007ffc23fc0000 - 0x00007ffc24187000 	C:\WINDOWS\System32\USER32.dll
0x00007ffc22160000 - 0x00007ffc22187000 	C:\WINDOWS\System32\win32u.dll
0x00007ffc093d0000 - 0x00007ffc09664000 	C:\WINDOWS\WinSxS\amd64_microsoft.windows.common-controls_6595b64144ccf1df_6.0.26100.7019_none_3e06ffa0e335b8a8\COMCTL32.dll
0x00007ffc23dd0000 - 0x00007ffc23dfb000 	C:\WINDOWS\System32\GDI32.dll
0x00007ffc21820000 - 0x00007ffc2194c000 	C:\WINDOWS\System32\gdi32full.dll
0x00007ffc220b0000 - 0x00007ffc22153000 	C:\WINDOWS\System32\msvcp_win.dll
0x00007ffc19bf0000 - 0x00007ffc19bfb000 	C:\WINDOWS\SYSTEM32\VERSION.dll
0x00007ffc222a0000 - 0x00007ffc222d1000 	C:\WINDOWS\System32\IMM32.DLL
0x00007ffc14cf0000 - 0x00007ffc14cfc000 	C:\Users\arena\Downloads\jdk-17.0.12_windows-x64_bin\jdk-17.0.12\bin\vcruntime140_1.dll
0x00007ffc08cd0000 - 0x00007ffc08d5e000 	C:\Users\arena\Downloads\jdk-17.0.12_windows-x64_bin\jdk-17.0.12\bin\msvcp140.dll
0x00007ffb56970000 - 0x00007ffb57550000 	C:\Users\arena\Downloads\jdk-17.0.12_windows-x64_bin\jdk-17.0.12\bin\server\jvm.dll
0x00007ffc23360000 - 0x00007ffc23368000 	C:\WINDOWS\System32\PSAPI.DLL
0x00007ffc01bd0000 - 0x00007ffc01bda000 	C:\WINDOWS\SYSTEM32\WSOCK32.dll
0x00007ffc170f0000 - 0x00007ffc17125000 	C:\WINDOWS\SYSTEM32\WINMM.dll
0x00007ffc24190000 - 0x00007ffc24204000 	C:\WINDOWS\System32\WS2_32.dll
0x00007ffc202e0000 - 0x00007ffc202fb000 	C:\WINDOWS\SYSTEM32\kernel.appcore.dll
0x00007ffc14b70000 - 0x00007ffc14b7a000 	C:\Users\arena\Downloads\jdk-17.0.12_windows-x64_bin\jdk-17.0.12\bin\jimage.dll
0x00007ffc17460000 - 0x00007ffc176a2000 	C:\WINDOWS\SYSTEM32\DBGHELP.DLL
0x00007ffc22c60000 - 0x00007ffc22feb000 	C:\WINDOWS\System32\combase.dll
0x00007ffc23510000 - 0x00007ffc235e7000 	C:\WINDOWS\System32\OLEAUT32.dll
0x00007ffc064b0000 - 0x00007ffc064ec000 	C:\WINDOWS\SYSTEM32\dbgcore.DLL
0x00007ffc216b0000 - 0x00007ffc21755000 	C:\WINDOWS\System32\bcryptPrimitives.dll
0x00007ffc14b40000 - 0x00007ffc14b65000 	C:\Users\arena\Downloads\jdk-17.0.12_windows-x64_bin\jdk-17.0.12\bin\java.dll

dbghelp: loaded successfully - version: 4.0.5 - missing functions: none
symbol engine: initialized successfully - sym options: 0x614 - pdb path: .;C:\Users\arena\Downloads\jdk-17.0.12_windows-x64_bin\jdk-17.0.12\bin;C:\WINDOWS\SYSTEM32;C:\WINDOWS\WinSxS\amd64_microsoft.windows.common-controls_6595b64144ccf1df_6.0.26100.7019_none_3e06ffa0e335b8a8;C:\Users\arena\Downloads\jdk-17.0.12_windows-x64_bin\jdk-17.0.12\bin\server

VM Arguments:
jvm_args: -Dclassworlds.conf=C:\Users\arena\OneDrive\Escritorio\apache-maven-3.9.11-bin\apache-maven-3.9.11\bin\m2.conf -Dmaven.home=C:\Users\arena\OneDrive\Escritorio\apache-maven-3.9.11-bin\apache-maven-3.9.11 -Dlibrary.jansi.path=C:\Users\arena\OneDrive\Escritorio\apache-maven-3.9.11-bin\apache-maven-3.9.11\lib\jansi-native -Dmaven.multiModuleProjectDirectory=C:\Users\arena\OneDrive\Escritorio\Repositorios proyecto final ciclos\Kappa-Stock-BackEnd 
java_command: org.codehaus.plexus.classworlds.launcher.Launcher spring-boot:run
java_class_path (initial): C:\Users\arena\OneDrive\Escritorio\apache-maven-3.9.11-bin\apache-maven-3.9.11\boot\plexus-classworlds-2.9.0.jar
Launcher Type: SUN_STANDARD

[Global flags]
     intx CICompilerCount                          = 4                                         {product} {ergonomic}
     uint ConcGCThreads                            = 3                                         {product} {ergonomic}
     uint G1ConcRefinementThreads                  = 10                                        {product} {ergonomic}
   size_t G1HeapRegionSize                         = 1048576                                   {product} {ergonomic}
    uintx GCDrainStackTargetSize                   = 64                                        {product} {ergonomic}
   size_t InitialHeapSize                          = 123731968                                 {product} {ergonomic}
   size_t MarkStackSize                            = 4194304                                   {product} {ergonomic}
   size_t MaxHeapSize                              = 1967128576                                {product} {ergonomic}
   size_t MinHeapDeltaBytes                        = 1048576                                   {product} {ergonomic}
   size_t MinHeapSize                              = 8388608                                   {product} {ergonomic}
    uintx NonNMethodCodeHeapSize                   = 5839372                                {pd product} {ergonomic}
    uintx NonProfiledCodeHeapSize                  = 122909434                              {pd product} {ergonomic}
    uintx ProfiledCodeHeapSize                     = 122909434                              {pd product} {ergonomic}
    uintx ReservedCodeCacheSize                    = 251658240                              {pd product} {ergonomic}
     bool SegmentedCodeCache                       = true                                      {product} {ergonomic}
   size_t SoftMaxHeapSize                          = 1967128576                             {manageable} {ergonomic}
     bool UseCompressedClassPointers               = true                           {product lp64_product} {ergonomic}
     bool UseCompressedOops                        = true                           {product lp64_product} {ergonomic}
     bool UseG1GC                                  = true                                      {product} {ergonomic}
     bool UseLargePagesIndividualAllocation        = false                                  {pd product} {ergonomic}

Logging:
Log output configuration:
 #0: stdout all=warning uptime,level,tags
 #1: stderr all=off uptime,level,tags

Environment Variables:
JAVA_HOME=C:\Users\arena\Downloads\jdk-17.0.12_windows-x64_bin\jdk-17.0.12
PATH=C:\Program Files (x86)\VMware\VMware Workstation\bin\;C:\app\arena\product\21c\dbhomeXE\bin;C:\WINDOWS\system32;C:\WINDOWS;C:\WINDOWS\System32\Wbem;C:\WINDOWS\System32\WindowsPowerShell\v1.0\;C:\WINDOWS\System32\OpenSSH\;C:\Program Files (x86)\NVIDIA Corporation\PhysX\Common;C:\Program Files\NVIDIA Corporation\NVIDIA NvDLISR;C:\Program Files\dotnet\;C:\MinGW\bin;C:\Users\arena\OneDrive\Escritorio\apache-maven-3.9.11-bin\apache-maven-3.9.11\bin;C:\Program Files\Docker\Docker\resources\bin;C:\Users\arena\Downloads\Docker Desktop Installer.exe;C:\Users\arena\Downloads\jdk-17.0.12_windows-x64_bin\jdk-17.0.12\bin;C:\Users\arena\Downloads\cursor\resources\app\bin;C:\Program Files\Git\cmd;C:\Program Files\nodejs\;C:\Program Files (x86)\VMware\VMware Workstation\bin\;C:\Program Files\Common Files\Oracle\Java\javapath;C:\app\arena\product\21c\dbhomeXE\bin;C:\WINDOWS\system32;C:\WINDOWS;C:\WINDOWS\System32\Wbem;C:\WINDOWS\System32\WindowsPowerShell\v1.0\;C:\WINDOWS\System32\OpenSSH\;C:\Program Files (x86)\NVIDIA Corporation\PhysX\Common;C:\Program Files\NVIDIA Corporation\NVIDIA NvDLISR;C:\Program Files\dotnet\;C:\Program Files\Git\cmd;C:\MinGW\bin;C:\Users\arena\OneDrive\Escritorio\apache-maven-3.9.11-bin\apache-maven-3.9.11\bin;C:\Program Files\Docker\Docker\resources\bin;C:\Users\arena\Downloads\Docker Desktop Installer.exe;C:\Program Files\Eclipse Adoptium\jdk-17\bin;C:\Program Files (x86)\VMware\VMware Workstation\bin\;C:\Program Files\Common Files\Oracle\Java\javapath;C:\app\arena\product\21c\dbhomeXE\bin;C:\WINDOWS\system32;C:\WINDOWS;C:\WINDOWS\System32\Wbem;C:\WINDOWS\System32\WindowsPowerShell\v1.0\;C:\WINDOWS\System32\OpenSSH\;C:\Program Files (x86)\NVIDIA Corporation\PhysX\Common;C:\Program Files\NVIDIA Corpo;C:\Users\arena\AppData\Roaming\npm
USERNAME=arena
OS=Windows_NT
PROCESSOR_IDENTIFIER=AMD64 Family 25 Model 68 Stepping 1, AuthenticAMD



---------------  S Y S T E M  ---------------

OS:
 Windows 11 , 64 bit Build 26100 (10.0.26100.7019)
OS uptime: 7 days 6:36 hours
Hyper-V role detected

CPU: total 12 (initial active 12) (12 cores per cpu, 2 threads per core) family 25 model 68 stepping 1 microcode 0xa404107, cx8, cmov, fxsr, ht, mmx, 3dnowpref, sse, sse2, sse3, ssse3, sse4a, sse4.1, sse4.2, popcnt, lzcnt, tsc, tscinvbit, avx, avx2, aes, erms, clmul, bmi1, bmi2, adx, sha, fma, vzeroupper, clflush, clflushopt, hv

Memory: 4k page, system-wide physical 7498M (431M free)
TotalPageFile size 30026M (AvailPageFile size 9M)
current process WorkingSet (physical memory assigned to process): 12M, peak: 12M
current process commit charge ("private bytes"): 64M, peak: 182M

vm_info: Java HotSpot(TM) 64-Bit Server VM (17.0.12+8-LTS-286) for windows-amd64 JRE (17.0.12+8-LTS-286), built on Jun  5 2024 06:46:59 by "mach5one" with MS VC++ 17.6 (VS2022)

END.
